app/build/outputs/mapping/release/seeds.txt
kr.co.klnet.aos.etransdriving.MainActivity
kr.co.klnet.aos.etransdriving.WebViewContainer: void onClickLayoutToNext(android.view.View)
kr.co.klnet.aos.etransdriving.EtransDrivingApp: EtransDrivingApp()
kr.co.klnet.aos.etransdriving.json.JsonNetInfo$JSON_NET: kr.co.klnet.aos.etransdriving.json.JsonNetInfo$JSON_NET valueOf(java.lang.String)
kr.co.klnet.aos.etransdriving.WebViewContainer: WebViewContainer()
kr.co.klnet.aos.etransdriving.EtransDrivingApp
kr.co.klnet.aos.etransdriving.PhotoFragment_ViewBinding: PhotoFragment_ViewBinding(kr.co.klnet.aos.etransdriving.PhotoFragment,android.view.View)
kr.co.klnet.aos.etransdriving.WebViewContainer: void onClickLayoutToPrev(android.view.View)
kr.co.klnet.aos.etransdriving.MainActivity: void onClickButton_03(android.view.View)
kr.co.klnet.aos.etransdriving.WebViewContainer: void onClickToNext(android.view.View)
kr.co.klnet.aos.etransdriving.MainActivity: void onClickButton_04(android.view.View)
kr.co.klnet.aos.etransdriving.MainActivity: void onClickButtonClearDebugText(android.view.View)
kr.co.klnet.aos.etransdriving.ImageFragment_ViewBinding: ImageFragment_ViewBinding(kr.co.klnet.aos.etransdriving.ImageFragment,android.view.View)
kr.co.klnet.aos.etransdriving.MainActivity: MainActivity()
kr.co.klnet.aos.etransdriving.json.JsonNetInfo$JSON_NET: kr.co.klnet.aos.etransdriving.json.JsonNetInfo$JSON_NET[] values()
kr.co.klnet.aos.etransdriving.WebViewContainer: void onClickToPrev(android.view.View)
kr.co.klnet.aos.etransdriving.trans.gps.push.PeriodReportService
kr.co.klnet.aos.etransdriving.trans.gps.push.UIBroadCastReceiver: UIBroadCastReceiver()
kr.co.klnet.aos.etransdriving.trans.gps.push.PeriodReportService: PeriodReportService()
kr.co.klnet.aos.etransdriving.PushActivity
kr.co.klnet.aos.etransdriving.CameraFrameActivity: CameraFrameActivity()
kr.co.klnet.aos.etransdriving.PopWebViewActivity: PopWebViewActivity()
kr.co.klnet.aos.etransdriving.PhotoFragment_ViewBinding
kr.co.klnet.aos.etransdriving.WebViewContainer
kr.co.klnet.aos.etransdriving.ImageFragment_ViewBinding
kr.co.klnet.aos.etransdriving.PopWebViewActivity
kr.co.klnet.aos.etransdriving.view.MOB_07_View02: android.graphics.Bitmap getSignBitmap()
kr.co.klnet.aos.etransdriving.CameraFrameActivity
kr.co.klnet.aos.etransdriving.PushActivity: PushActivity()
kr.co.klnet.aos.etransdriving.trans.gps.push.UIBroadCastReceiver
kr.co.klnet.aos.etransdriving.view.MOB_07_View02
...
com.kica.security.asn1.crmf.CertRequest: com.kica.security.asn1.crmf.CertRequest getInstance(java.lang.Object)
com.google.android.material.R$styleable: int CollapsingToolbarLayout_expandedTitleMarginEnd
signgate.core.provider.oid.OID: java.lang.String authorityKeyIdentifier
com.h6ah4i.android.widget.verticalseekbar.R$styleable: int[] MenuGroup
com.sg.openews.api.SGKeyCode: int CRL_FROM_LDAP
com.kakao.kakaonavi.R$layout: int abc_alert_dialog_material
com.kica.security.asn1.DERNumericString: void encode(com.kica.security.asn1.DEROutputStream)
signgate.core.provider.cipher.ARIA: int m(int)
com.kica.security.asn1.ASN1Sequence
signgate.core.javax.crypto.Cipher: java.lang.String PEM_HEADER
com.kica.crypto.config.CertificateInfo: com.kica.crypto.config.CertificateInfo$Certificate getCertificate(java.lang.String)
com.kica.security.asn1.pkcs.EncryptedData: EncryptedData(com.kica.security.asn1.DERObjectIdentifier,com.kica.security.asn1.x509.AlgorithmIdentifier,com.kica.security.asn1.DEREncodable)
com.sg.openews.api.pkcs7.SGSignedAndEnvelopedData: com.sg.openews.api.crypto.SGBlockCipher cipher
com.kica.security.crypto.Mac: java.lang.String getAlgorithmName()
com.sg.openews.api.crypto.SGFile$DefaultFileSPI2$1: java.lang.Object run()
com.kica.security.asn1.x509.GeneralSubtree: com.kica.security.asn1.x509.GeneralName base
signgate.core.crypto.x509.ext.IssuerAltName: java.lang.String getName()
com.h6ah4i.android.widget.verticalseekbar.R$styleable: int MenuGroup_android_orderInCategory
com.sg.openews.api.crypto.impl.OCSPCertValidator$RevokedCertInfo: java.lang.String toString()
signgate.core.provider.rsa.RSAPrivateCrtKey: RSAPrivateCrtKey(java.math.BigInteger,java.math.BigInteger,java.math.BigInteger,java.math.BigInteger,java.math.BigInteger,java.math.BigInteger,java.math.BigInteger,java.math.BigInteger)
com.kica.security.certpath.X509Principal: byte[] getEncoded()
com.google.android.material.R$layout: int abc_action_menu_layout
com.kica.security.asn1.x509.GeneralNames
com.kica.security.crypto.param.DSAValidationParameters: int counter
androidx.media.AudioAttributesImplApi21Parcelizer
signgate.core.javax.crypto.Mac: signgate.core.javax.crypto.Mac getInstance(java.lang.String,java.lang.String)
signgate.core.provider.rsa.RSAwithAnyMD: void engineUpdate(byte)
com.sg.openews.api.pkcs7.Recipient: com.kica.security.asn1.cms.IssuerAndSerialNumber issuerAndSerialNumber
com.kica.security.crypto.engine.BlockCipher: int BLOCK_SIZE
com.kica.security.crypto.PBECipher: void setPadding(java.lang.String)
com.google.android.material.R$style: int Base_V14_Theme_MaterialComponents_Light_Dialog
signgate.core.provider.cipher.ARIA: void ariakey(byte[])
com.h6ah4i.android.widget.verticalseekbar.R$styleable: int ViewStubCompat_android_inflatedId
signgate.core.javax.crypto.spec.DESKeySpec: byte[] getKey()
com.kica.security.asn1.x509.TBSCertList$CRLEntry: com.kica.security.asn1.x509.TBSCertList this$0
com.google.android.material.R$id: int action_context_bar
androidx.preference.R$attr: int divider
com.google.android.material.R$dimen: int design_bottom_navigation_height
com.h6ah4i.android.widget.verticalseekbar.R$styleable: int AppCompatTheme_windowActionModeOverlay
com.kica.security.x509.PKIXCertPathReviewer: java.lang.String RESOURCE_NAME
androidx.preference.R$id: int submit_area
androidx.cardview.widget.CardView: float getMaxCardElevation()
butterknife.R$id: int tag_unhandled_key_listeners
com.kakao.kakaolink.R$string: int com_kakao_login_image_tts
com.google.android.material.R$style: int Widget_MaterialComponents_Button_UnelevatedButton_Icon
com.kica.crypto.config.CryptoConfig: org.w3c.dom.Document loadDocument(java.io.InputStream)
androidx.preference.R$attr: int colorBackgroundFloating
com.kica.security.asn1.cmp.PKIMessage: com.kica.security.asn1.cmp.PKIBody getBody()
androidx.appcompat.widget.AppCompatCheckBox: android.content.res.ColorStateList getSupportBackgroundTintList()
com.google.android.material.R$attr: int color