app/build/outputs/mapping/release/usage.txt
kr.co.klnet.aos.etransdriving.json.MOB_Json:
    public static java.lang.String replaceChar(java.lang.String)
    public static java.lang.String replaceRevChar(java.lang.String)
    public void disconnect()
    public java.util.HashMap getBeaconTerminalAlarmHashMap()
    private kr.co.klnet.aos.etransdriving.json.MOB_Json$MOB_JsonListener mApkListener
kr.co.klnet.aos.etransdriving.MainActivity$16:
    public void OnCommand()
kr.co.klnet.aos.etransdriving.CameraFrameActivity:
    public android.graphics.Bitmap getOriginalBitmap()
    public android.graphics.Bitmap getOcrBitmap()
    static final java.lang.String TAG
    static final int REQUEST_PERMISSION_ALL
    static final int CAMERA_TYPE_CUSTOM
    static final int CAMERA_TYPE_OEM
    private static final int CAPTURE_FROM_CAMERA_REQUEST
kr.co.klnet.aos.etransdriving.R$drawable
kr.co.klnet.aos.etransdriving.EtransDrivingApp$FcmRequestCallback
kr.co.klnet.aos.etransdriving.trans.gps.push.PeriodReportHandler:
    public void setEventCode(java.lang.String)
    private static final java.lang.String TAG
    private static final int RESPONSE_PACKET_ARRIVED
    private static final int CONNECTION_ERROR
    private static final int CONNECTION_ESTABLISHED
    private static final int CONNECTION_CLOSED
    private static final int SENT_REPORT_PACKET
kr.co.klnet.aos.etransdriving.trans.gps.push.LibPopUpActivity$5
kr.co.klnet.aos.etransdriving.ui.Popup_BaseAdapter
kr.co.klnet.aos.etransdriving.MainActivity$39
kr.co.klnet.aos.etransdriving.trans.gps.push.SoundManager$1
kr.co.klnet.aos.etransdriving.trans.gps.push.LibPopUpActivity$4
kr.co.klnet.aos.etransdriving.trans.gps.push.UIBroadCastReceiver:
    private void handleNotibarWorkService(android.content.Context,boolean)
    private void startPopUpActivity(android.content.Context,java.lang.String,java.lang.String,java.lang.String)
    public java.lang.String getCurrentActivity(android.content.Context)
    public boolean isScreenOn(android.content.Context)
    private static final java.lang.String TAG
    public static final java.lang.String BROADCAST_ACTION_START_REPORT_SERVICE
    public static final java.lang.String BROADCAST_ACTION_CHECK_GPS_ALERT
kr.co.klnet.aos.etransdriving.trans.gps.push.ReportInterface$2
kr.co.klnet.aos.etransdriving.trans.gps.push.LibPopUpActivity$3
kr.co.klnet.aos.etransdriving.MainActivity$38
kr.co.klnet.aos.etransdriving.trans.gps.packet.GpsData:
    public static final int DEF_MOB_DATE_LENGTH
    public static final int DEF_MOB_TIME_LENGTH
    public static final int DEF_MOB_GPS_STATUS_LENGTH
    public static final int DEF_MOB_LATITUDE_LENGTH
    public static final int DEF_MOB_LONGITUDE_LENGTH
    public static final int DEF_MOB_SPEED_LENGTH
    public static final int DEF_MOB_DIRECTION_LENGTH
    public static final int DEF_MOB_EVENT_CODE_LENGTH
kr.co.klnet.aos.etransdriving.trans.gps.push.JLocationManager$JGpsLocationListener:
    public android.location.Location getCurrentLocation()
kr.co.klnet.aos.etransdriving.ImageFragment_ViewBinding:
    public void unbind()
kr.co.klnet.aos.etransdriving.trans.gps.push.RestartService:
    private static final java.lang.String TAG
kr.co.klnet.aos.etransdriving.R$id
kr.co.klnet.aos.etransdriving.trans.gps.push.LibPopUpActivity$2
kr.co.klnet.aos.etransdriving.ui.Popup$1
kr.co.klnet.aos.etransdriving.trans.gps.push.LibPopUpActivity$1
kr.co.klnet.aos.etransdriving.trans.gps.common.AppCommon
...
com.google.android.gms.common.internal.zza:
    public final void zzc()
com.google.api.client.util.DataMap$EntryIterator:
    public java.util.Map$Entry next()
androidx.recyclerview.widget.OpReorderer:
    public void reorderOps(java.util.List)
    public void swapMoveRemove(java.util.List,int,androidx.recyclerview.widget.AdapterHelper$UpdateOp,int,androidx.recyclerview.widget.AdapterHelper$UpdateOp)
    public void swapMoveUpdate(java.util.List,int,androidx.recyclerview.widget.AdapterHelper$UpdateOp,int,androidx.recyclerview.widget.AdapterHelper$UpdateOp)
    public final void swapMoveOp(java.util.List,int,int)
    public final void swapMoveAdd(java.util.List,int,androidx.recyclerview.widget.AdapterHelper$UpdateOp,int,androidx.recyclerview.widget.AdapterHelper$UpdateOp)
    public final int getLastMoveOutOfOrder(java.util.List)
com.google.firebase.crashlytics.internal.model.CrashlyticsReport$Session$Event$Log:
    public static com.google.firebase.crashlytics.internal.model.CrashlyticsReport$Session$Event$Log$Builder builder()
    public abstract java.lang.String getContent()
com.itextpdf.text.pdf.FilterHandlers$Filter_RUNLENGTHDECODE:
    public void <init>()
com.google.api.client.http.HttpTransport:
    public final com.google.api.client.http.HttpRequestFactory createRequestFactory()
    public final com.google.api.client.http.HttpRequestFactory createRequestFactory(com.google.api.client.googleapis.MethodOverride)
    public com.google.api.client.http.HttpRequest buildRequest()
androidx.transition.RectEvaluator:
    public android.graphics.Rect evaluate(float,android.graphics.Rect,android.graphics.Rect)
    public android.graphics.Rect mRect
butterknife.internal.Utils:
    public static java.lang.Object castView(android.view.View,int,java.lang.String,java.lang.Class)
    public static final android.util.TypedValue VALUE
androidx.appcompat.widget.AbsActionBarView:
    public static int next(int,int,boolean)
com.google.android.gms.internal.measurement.zziv
com.kica.security.i18n.TextBundle
android.support.v4.media.session.MediaControllerCompat$Callback$StubCompat
com.itextpdf.text.pdf.PdfImportedPage:
    public com.itextpdf.text.pdf.PdfReaderInstance getPdfReaderInstance()
    public boolean isToCopy()
    public void setCopied()
    public int rotation
com.google.android.material.snackbar.BaseTransientBottomBar$BehaviorDelegate:
    public boolean canSwipeDismissView(android.view.View)
    public void onInterceptTouchEvent(androidx.coordinatorlayout.widget.CoordinatorLayout,android.view.View,android.view.MotionEvent)
    public com.google.android.material.snackbar.SnackbarManager$Callback managerCallback
com.google.api.client.util.escape.PercentEscaper:
    public void <init>(java.lang.String)
    public static boolean[] createSafeOctets(java.lang.String)
    public int nextEscapeIndex(java.lang.CharSequence,int,int)
    public char[] escape(int)
com.google.android.gms.internal.measurement.zznk:
    public static boolean zzb()
    public final com.google.android.gms.internal.measurement.zznl zzc()
com.google.firebase.platforminfo.KotlinDetector
com.google.android.gms.internal.measurement.zzck:
    public static com.google.android.gms.internal.measurement.zzhv zzb()
    public static final com.google.android.gms.internal.measurement.zzhu zzh
androidx.appcompat.app.ResourcesFlusher
com.google.android.gms.common.internal.ConnectionTelemetryConfiguration:
    public int getMaxMethodInvocationsLogged()
    public boolean getMethodInvocationTelemetryEnabled()
    public boolean getMethodTimingTelemetryEnabled()
    public int[] getMethodInvocationMethodKeyAllowlist()
    public int[] getMethodInvocationMethodKeyDisallowlist()
    public final com.google.android.gms.common.internal.RootTelemetryConfiguration zza()
com.google.android.datatransport.runtime.scheduling.SchedulingModule
androidx.core.content.res.FontResourcesParserCompat